<?xml version="1.0" encoding="UTF-8"?>
<!-- Generated by org.testng.reporters.JUnitXMLReporter -->
<testsuite ignored="2" hostname="LAPTOP-QD4M5PPT" failures="0" tests="3" name="Test" time="0.075" errors="0" timestamp="2023-01-06T16:05:06 IST">
  <testcase classname="basicTestScript.DemoScript" name="veriefylogin" time="0.009"/>
  <testcase classname="basicTestScript.DemoScript" name="veriefycreatUser" time="0.001"/>
  <testcase classname="basicTestScript.DemoScript2" name="veriefycreatUser" time="0.002"/>
  <testcase classname="genricUtility.BaseClass" name="@BeforeSuite bsConfig" time="0.0">
    <ignored/>
  </testcase> <!-- @BeforeSuite bsConfig -->
  <testcase classname="genricUtility.BaseClass" name="@AfterSuite asConfig" time="0.0">
    <ignored/>
  </testcase> <!-- @AfterSuite asConfig -->
</testsuite> <!-- Test -->
