<?xml version="1.0" encoding="UTF-8"?>
<testng-results ignored="0" total="1" passed="1" failed="0" skipped="0">
  <reporter-output>
  </reporter-output>
  <suite started-at="2023-01-10T16:07:49 IST" name="Default suite" finished-at="2023-01-10T16:09:18 IST" duration-ms="89074">
    <groups>
    </groups>
    <test started-at="2023-01-10T16:07:49 IST" name="Default test" finished-at="2023-01-10T16:09:18 IST" duration-ms="89074">
      <class name="basicTestScript.ToVerifyHomePageTest">
        <test-method is-config="true" signature="bsConfig()[pri:0, instance:basicTestScript.ToVerifyHomePageTest@383bfa16]" started-at="2023-01-10T16:07:49 IST" name="bsConfig" finished-at="2023-01-10T16:07:49 IST" duration-ms="7" status="PASS">
          <reporter-output>
          </reporter-output>
        </test-method> <!-- bsConfig -->
        <test-method is-config="true" signature="bcConfig()[pri:0, instance:basicTestScript.ToVerifyHomePageTest@383bfa16]" started-at="2023-01-10T16:07:49 IST" name="bcConfig" finished-at="2023-01-10T16:09:09 IST" duration-ms="79468" status="PASS">
          <reporter-output>
          </reporter-output>
        </test-method> <!-- bcConfig -->
        <test-method is-config="true" signature="bmConfig()[pri:0, instance:basicTestScript.ToVerifyHomePageTest@383bfa16]" started-at="2023-01-10T16:09:09 IST" name="bmConfig" finished-at="2023-01-10T16:09:09 IST" duration-ms="285" status="PASS">
          <reporter-output>
          </reporter-output>
        </test-method> <!-- bmConfig -->
        <test-method signature="toVerifyHomePageTest()[pri:0, instance:basicTestScript.ToVerifyHomePageTest@383bfa16]" started-at="2023-01-10T16:09:09 IST" name="toVerifyHomePageTest" finished-at="2023-01-10T16:09:16 IST" duration-ms="7076" status="PASS">
          <reporter-output>
          </reporter-output>
        </test-method> <!-- toVerifyHomePageTest -->
        <test-method is-config="true" signature="amConfig()[pri:0, instance:basicTestScript.ToVerifyHomePageTest@383bfa16]" started-at="2023-01-10T16:09:16 IST" name="amConfig" finished-at="2023-01-10T16:09:18 IST" duration-ms="1986" status="PASS">
          <reporter-output>
          </reporter-output>
        </test-method> <!-- amConfig -->
        <test-method is-config="true" signature="afConfig()[pri:0, instance:basicTestScript.ToVerifyHomePageTest@383bfa16]" started-at="2023-01-10T16:09:18 IST" name="afConfig" finished-at="2023-01-10T16:09:18 IST" duration-ms="224" status="PASS">
          <reporter-output>
          </reporter-output>
        </test-method> <!-- afConfig -->
        <test-method is-config="true" signature="asConfig()[pri:0, instance:basicTestScript.ToVerifyHomePageTest@383bfa16]" started-at="2023-01-10T16:09:18 IST" name="asConfig" finished-at="2023-01-10T16:09:18 IST" duration-ms="0" status="PASS">
          <reporter-output>
          </reporter-output>
        </test-method> <!-- asConfig -->
      </class> <!-- basicTestScript.ToVerifyHomePageTest -->
    </test> <!-- Default test -->
  </suite> <!-- Default suite -->
</testng-results>
